# JRE version: Java(TM) SE Runtime Environment (8.0_221-b11) (build 1.8.0_221-b11)
# Java VM: Java HotSpot(TM) 64-Bit Server VM (25.221-b11 mixed mode windows-amd64 compressed oops)
Heap:
 PSYoungGen      total 279040K, used 145348K [0x00000000eab00000, 0x00000000ff900000, 0x0000000100000000)
  eden space 218112K, 66% used [0x00000000eab00000,0x00000000f38d93d0,0x00000000f8000000)
  from space 60928K, 0% used [0x00000000fbd80000,0x00000000fbd98000,0x00000000ff900000)
  to   space 61952K, 0% used [0x00000000f8000000,0x00000000f8000000,0x00000000fbc80000)
 ParOldGen       total 699392K, used 556630K [0x00000000c0000000, 0x00000000eab00000, 0x00000000eab00000)
  object space 699392K, 79% used [0x00000000c0000000,0x00000000e1f95b18,0x00000000eab00000)
 Metaspace       used 133417K, capacity 145115K, committed 147968K, reserved 1175552K
  class space    used 16847K, capacity 20075K, committed 21248K, reserved 1048576K
GC Heap History (10 events):
Event: 14866.123 GC heap before
{Heap before GC invocations=783 (full 31):
 PSYoungGen      total 256000K, used 195553K [0x00000000eab00000, 0x00000000ff700000, 0x0000000100000000)
  eden space 177152K, 99% used [0x00000000eab00000,0x00000000f5702e98,0x00000000f5800000)
  from space 78848K, 24% used [0x00000000f5800000,0x00000000f6af57f0,0x00000000fa500000)
  to   space 73728K, 0% used [0x00000000faf00000,0x00000000faf00000,0x00000000ff700000)
 ParOldGen       total 699392K, used 549575K [0x00000000c0000000, 0x00000000eab00000, 0x00000000eab00000)
  object space 699392K, 78% used [0x00000000c0000000,0x00000000e18b1e10,0x00000000eab00000)
 Metaspace       used 133417K, capacity 145115K, committed 147968K, reserved 1175552K
  class space    used 16847K, capacity 20075K, committed 21248K, reserved 1048576K
Event: 14866.128 GC heap after
Heap after GC invocations=783 (full 31):
 PSYoungGen      total 264192K, used 6533K [0x00000000eab00000, 0x00000000ff380000, 0x0000000100000000)
  eden space 194048K, 0% used [0x00000000eab00000,0x00000000eab00000,0x00000000f6880000)
  from space 70144K, 9% used [0x00000000faf00000,0x00000000fb561490,0x00000000ff380000)
  to   space 71168K, 0% used [0x00000000f6880000,0x00000000f6880000,0x00000000fae00000)
 ParOldGen       total 699392K, used 551523K [0x00000000c0000000, 0x00000000eab00000, 0x00000000eab00000)
  object space 699392K, 78% used [0x00000000c0000000,0x00000000e1a98e60,0x00000000eab00000)
 Metaspace       used 133417K, capacity 145115K, committed 147968K, reserved 1175552K
  class space    used 16847K, capacity 20075K, committed 21248K, reserved 1048576K
}
Event: 14866.141 GC heap before
{Heap before GC invocations=784 (full 31):
 PSYoungGen      total 264192K, used 199704K [0x00000000eab00000, 0x00000000ff380000, 0x0000000100000000)
  eden space 194048K, 99% used [0x00000000eab00000,0x00000000f67a4be0,0x00000000f6880000)
  from space 70144K, 9% used [0x00000000faf00000,0x00000000fb561490,0x00000000ff380000)
  to   space 71168K, 0% used [0x00000000f6880000,0x00000000f6880000,0x00000000fae00000)
 ParOldGen       total 699392K, used 551523K [0x00000000c0000000, 0x00000000eab00000, 0x00000000eab00000)
  object space 699392K, 78% used [0x00000000c0000000,0x00000000e1a98e60,0x00000000eab00000)
 Metaspace       used 133417K, capacity 145115K, committed 147968K, reserved 1175552K
  class space    used 16847K, capacity 20075K, committed 21248K, reserved 1048576K
Event: 14866.146 GC heap after
Heap after GC invocations=784 (full 31):
 PSYoungGen      total 265216K, used 5596K [0x00000000eab00000, 0x00000000ffc00000, 0x0000000100000000)
  eden space 194048K, 0% used [0x00000000eab00000,0x00000000eab00000,0x00000000f6880000)
  from space 71168K, 7% used [0x00000000f6880000,0x00000000f6df70d0,0x00000000fae00000)
  to   space 68608K, 0% used [0x00000000fb900000,0x00000000fb900000,0x00000000ffc00000)
 ParOldGen       total 699392K, used 551523K [0x00000000c0000000, 0x00000000eab00000, 0x00000000eab00000)
  object space 699392K, 78% used [0x00000000c0000000,0x00000000e1a98e60,0x00000000eab00000)
 Metaspace       used 133417K, capacity 145115K, committed 147968K, reserved 1175552K
  class space    used 16847K, capacity 20075K, committed 21248K, reserved 1048576K
}
Event: 14866.159 GC heap before
{Heap before GC invocations=785 (full 31):
 PSYoungGen      total 265216K, used 198820K [0x00000000eab00000, 0x00000000ffc00000, 0x0000000100000000)
  eden space 194048K, 99% used [0x00000000eab00000,0x00000000f67b21f0,0x00000000f6880000)
  from space 71168K, 7% used [0x00000000f6880000,0x00000000f6df70d0,0x00000000fae00000)
  to   space 68608K, 0% used [0x00000000fb900000,0x00000000fb900000,0x00000000ffc00000)
 ParOldGen       total 699392K, used 551523K [0x00000000c0000000, 0x00000000eab00000, 0x00000000eab00000)
  object space 699392K, 78% used [0x00000000c0000000,0x00000000e1a98e60,0x00000000eab00000)
 Metaspace       used 133417K, capacity 145115K, committed 147968K, reserved 1175552K
  class space    used 16847K, capacity 20075K, committed 21248K, reserved 1048576K
Event: 14866.164 GC heap after
Heap after GC invocations=785 (full 31):
 PSYoungGen      total 275456K, used 928K [0x00000000eab00000, 0x00000000ff980000, 0x0000000100000000)
  eden space 209408K, 0% used [0x00000000eab00000,0x00000000eab00000,0x00000000f7780000)
  from space 66048K, 1% used [0x00000000fb900000,0x00000000fb9e8268,0x00000000ff980000)
  to   space 66560K, 0% used [0x00000000f7780000,0x00000000f7780000,0x00000000fb880000)
 ParOldGen       total 699392K, used 555708K [0x00000000c0000000, 0x00000000eab00000, 0x00000000eab00000)
  object space 699392K, 79% used [0x00000000c0000000,0x00000000e1eaf090,0x00000000eab00000)
 Metaspace       used 133417K, capacity 145115K, committed 147968K, reserved 1175552K
  class space    used 16847K, capacity 20075K, committed 21248K, reserved 1048576K
}
Event: 14866.179 GC heap before
{Heap before GC invocations=786 (full 31):
 PSYoungGen      total 275456K, used 210336K [0x00000000eab00000, 0x00000000ff980000, 0x0000000100000000)
  eden space 209408K, 100% used [0x00000000eab00000,0x00000000f7780000,0x00000000f7780000)
  from space 66048K, 1% used [0x00000000fb900000,0x00000000fb9e8268,0x00000000ff980000)
  to   space 66560K, 0% used [0x00000000f7780000,0x00000000f7780000,0x00000000fb880000)
 ParOldGen       total 699392K, used 555708K [0x00000000c0000000, 0x00000000eab00000, 0x00000000eab00000)
  object space 699392K, 79% used [0x00000000c0000000,0x00000000e1eaf090,0x00000000eab00000)
 Metaspace       used 133417K, capacity 145115K, committed 147968K, reserved 1175552K
  class space    used 16847K, capacity 20075K, committed 21248K, reserved 1048576K
Event: 14866.183 GC heap after
Heap after GC invocations=786 (full 31):
 PSYoungGen      total 275968K, used 128K [0x00000000eab00000, 0x00000000ffc80000, 0x0000000100000000)
  eden space 209408K, 0% used [0x00000000eab00000,0x00000000eab00000,0x00000000f7780000)
  from space 66560K, 0% used [0x00000000f7780000,0x00000000f77a0000,0x00000000fb880000)
  to   space 64512K, 0% used [0x00000000fbd80000,0x00000000fbd80000,0x00000000ffc80000)
 ParOldGen       total 699392K, used 556590K [0x00000000c0000000, 0x00000000eab00000, 0x00000000eab00000)
  object space 699392K, 79% used [0x00000000c0000000,0x00000000e1f8bb18,0x00000000eab00000)
 Metaspace       used 133417K, capacity 145115K, committed 147968K, reserved 1175552K
  class space    used 16847K, capacity 20075K, committed 21248K, reserved 1048576K
}
Event: 14866.196 GC heap before
{Heap before GC invocations=787 (full 31):
 PSYoungGen      total 275968K, used 209536K [0x00000000eab00000, 0x00000000ffc80000, 0x0000000100000000)
  eden space 209408K, 100% used [0x00000000eab00000,0x00000000f7780000,0x00000000f7780000)
  from space 66560K, 0% used [0x00000000f7780000,0x00000000f77a0000,0x00000000fb880000)
  to   space 64512K, 0% used [0x00000000fbd80000,0x00000000fbd80000,0x00000000ffc80000)
 ParOldGen       total 699392K, used 556590K [0x00000000c0000000, 0x00000000eab00000, 0x00000000eab00000)
  object space 699392K, 79% used [0x00000000c0000000,0x00000000e1f8bb18,0x00000000eab00000)
 Metaspace       used 133417K, capacity 145115K, committed 147968K, reserved 1175552K
  class space    used 16847K, capacity 20075K, committed 21248K, reserved 1048576K
Event: 14866.200 GC heap after
Heap after GC invocations=787 (full 31):
 PSYoungGen      total 279040K, used 96K [0x00000000eab00000, 0x00000000ff900000, 0x0000000100000000)
  eden space 218112K, 0% used [0x00000000eab00000,0x00000000eab00000,0x00000000f8000000)
  from space 60928K, 0% used [0x00000000fbd80000,0x00000000fbd98000,0x00000000ff900000)
  to   space 61952K, 0% used [0x00000000f8000000,0x00000000f8000000,0x00000000fbc80000)
 ParOldGen       total 699392K, used 556630K [0x00000000c0000000, 0x00000000eab00000, 0x00000000eab00000)
  object space 699392K, 79% used [0x00000000c0000000,0x00000000e1f95b18,0x00000000eab00000)
 Metaspace       used 133417K, capacity 145115K, committed 147968K, reserved 1175552K
  class space    used 16847K, capacity 20075K, committed 21248K, reserved 1048576K
}

